#
# A fatal error has been detected by the Java Runtime Environment:
#
#  SIGBUS (0xa) at pc=0x000000011e4a3cf3, pid=439, tid=6403
#
# JRE version: Java(TM) SE Runtime Environment (8.0-b132) (build 1.8.0-b132)
# Java VM: Java HotSpot(TM) 64-Bit Server VM (25.0-b70 mixed mode bsd-amd64 compressed oops)
# Problematic frame:
# C  [libSigSegv.dylib+0xcf3]  riskyCode+0x13
#
# Failed to write core dump. Core dumps have been disabled. To enable core dumping, try "ulimit -c unlimited" before starting Java again
#
# If you would like to submit a bug report, please visit:
#   http://bugreport.sun.com/bugreport/crash.jsp
# The crash happened outside the Java Virtual Machine in native code.
# See problematic frame for where to report the bug.
#

---------------  T H R E A D  ---------------

Current thread (0x00007f9483801000):  JavaThread "main" [_thread_in_native, id=6403, stack(0x00000001030c0000,0x00000001031c0000)]

siginfo:si_signo=SIGBUS: si_errno=0, si_code=2 (BUS_ADRERR), si_addr=0x000000011e4a3f60

Registers:
RAX=0x000000011e4a3f60, RBX=0x000000011c3353a8, RCX=0x00000001029af780, RDX=0x0000000000000008
RSP=0x00000001031bf860, RBP=0x00000001031bf860, RSI=0x00000001031bf8e0, RDI=0x00007f94838011e0
R8 =0x00007f9482d20d00, R9 =0x0000000000000000, R10=0x00000001031d6642, R11=0x000000010269a413
R12=0x0000000000000000, R13=0x000000011c3353a8, R14=0x00000001031bf8e8, R15=0x00007f9483801000
RIP=0x000000011e4a3cf3, EFLAGS=0x0000000000010202, ERR=0x0000000000000007
  TRAPNO=0x000000000000000e

Top of Stack: (sp=0x00000001031bf860)
0x00000001031bf860:   00000001031bf880 000000011e4a3ed5
0x00000001031bf870:   00000001031bf8e0 00007f94838011e0
0x00000001031bf880:   00000001031bf8d0 00000001031d666e
0x00000001031bf890:   00000001031bf890 000000011c3353a8
0x00000001031bf8a0:   00000001031bf8e8 000000011c335590
0x00000001031bf8b0:   0000000000000000 000000011c3353a8
0x00000001031bf8c0:   0000000000000000 00000001031bf8f0
0x00000001031bf8d0:   00000001031bf930 00000001031c92e0
0x00000001031bf8e0:   000000076ab76dd0 00000001031d0c18
0x00000001031bf8f0:   00000001031bf8f0 000000011c33545d
0x00000001031bf900:   00000001031bf948 000000011c335590
0x00000001031bf910:   0000000000000000 000000011c335488
0x00000001031bf920:   00000001031bf8f0 00000001031bf948
0x00000001031bf930:   00000001031bf9b0 00000001031c24e7
0x00000001031bf940:   0000000000000000 000000076ab79a20
0x00000001031bf950:   0000000100001fa0 000000000000000a
0x00000001031bf960:   00007f9483801000 0000000000000001
0x00000001031bf970:   00000001031c245f 000000011c335488
0x00000001031bf980:   00000001031bfa48 00000001031bfdd0
0x00000001031bf990:   000000010000000a 000000011c335488
0x00000001031bf9a0:   00000001031d22a0 00000001031bfb88
0x00000001031bf9b0:   00000001031bfb60 00000001024c54fa
0x00000001031bf9c0:   0000000000000001 00007f9483801000
0x00000001031bf9d0:   00000001031bfac8 00000001031bfdd0
0x00000001031bf9e0:   0000000000000000 00000001031d22a0
0x00000001031bf9f0:   00007f9483801000 00000001031bfb80
0x00000001031bfa00:   00000001031bfdc8 00007f9483801000
0x00000001031bfa10:   00007f9483801000 00007f9482e00380
0x00000001031bfa20:   00007f9482e00860 00007f9482e00870
0x00000001031bfa30:   00007f9482e00948 00000000000000d8
0x00000001031bfa40:   00007f9482e003d0 00007f9483801000
0x00000001031bfa50:   00007f9482e01460 000000011c335488 

Instructions: (pc=0x000000011e4a3cf3)
0x000000011e4a3cd3:   00 89 45 ec e8 12 02 00 00 0f 1f 40 00 55 48 89
0x000000011e4a3ce3:   e5 48 8d 05 75 02 00 00 48 89 45 f8 48 8b 45 f8
0x000000011e4a3cf3:   c6 00 67 5d c3 0f 1f 84 00 00 00 00 00 55 48 89
0x000000011e4a3d03:   e5 48 81 ec 60 04 00 00 b8 0a 00 00 00 48 8d 0d 

Register to memory mapping:

RAX=0x000000011e4a3f60: Java_recipeNo015_SigSegvNoHandler_callRiskyCodeNoHandler+0xa0 in /Users/michalo/Documents/pandora/trunk/private/JNICookBook/jnicookbook/recipeNo015/lib/libSigSegv.dylib at 0x000000011e4a3000
RBX=0x000000011c3353a8 is an unknown value
RCX=0x00000001029af780: UseMembar+0 in /Library/Java/JavaVirtualMachines/jdk1.8.0.jdk/Contents/Home/jre/lib/server/libjvm.dylib at 0x0000000102200000
RDX=0x0000000000000008 is an unknown value
RSP=0x00000001031bf860 is pointing into the stack for thread: 0x00007f9483801000
RBP=0x00000001031bf860 is pointing into the stack for thread: 0x00007f9483801000
RSI=0x00000001031bf8e0 is pointing into the stack for thread: 0x00007f9483801000
RDI=0x00007f94838011e0 is an unknown value
R8 =0x00007f9482d20d00 is an unknown value
R9 =0x0000000000000000 is an unknown value
R10=0x00000001031d6642 is at code_begin+802 in an Interpreter codelet
method entry point (kind = native)  [0x00000001031d6320, 0x00000001031d6c20]  2304 bytes
R11=0x000000010269a413: throw_unsatisfied_link_error+0 in /Library/Java/JavaVirtualMachines/jdk1.8.0.jdk/Contents/Home/jre/lib/server/libjvm.dylib at 0x0000000102200000
R12=0x0000000000000000 is an unknown value
R13=0x000000011c3353a8 is an unknown value
R14=0x00000001031bf8e8 is pointing into the stack for thread: 0x00007f9483801000
R15=0x00007f9483801000 is a thread


Stack: [0x00000001030c0000,0x00000001031c0000],  sp=0x00000001031bf860,  free space=1022k
Native frames: (J=compiled Java code, j=interpreted, Vv=VM code, C=native code)
C  [libSigSegv.dylib+0xcf3]  riskyCode+0x13
C  [libSigSegv.dylib+0xed5]  Java_recipeNo015_SigSegvNoHandler_callRiskyCodeNoHandler+0x15
j  recipeNo015.SigSegvNoHandler.callRiskyCodeNoHandler()V+0
j  recipeNo015.SigSegvNoHandler.main([Ljava/lang/String;)V+29
v  ~StubRoutines::call_stub
V  [libjvm.dylib+0x2c54fa]  JavaCalls::call_helper(JavaValue*, methodHandle*, JavaCallArguments*, Thread*)+0x6ae
V  [libjvm.dylib+0x2f9fbe]  jni_invoke_static(JNIEnv_*, JavaValue*, _jobject*, JNICallType, _jmethodID*, JNI_ArgumentPusher*, Thread*)+0x1bf
V  [libjvm.dylib+0x2f3207]  jni_CallStaticVoidMethod+0x15d
C  [java+0x2c99]  JavaMain+0x998
C  [libsystem_pthread.dylib+0x1899]  _pthread_body+0x8a
C  [libsystem_pthread.dylib+0x172a]  _pthread_struct_init+0x0
C  [libsystem_pthread.dylib+0x5fc9]  thread_start+0xd

Java frames: (J=compiled Java code, j=interpreted, Vv=VM code)
j  recipeNo015.SigSegvNoHandler.callRiskyCodeNoHandler()V+0
j  recipeNo015.SigSegvNoHandler.main([Ljava/lang/String;)V+29
v  ~StubRoutines::call_stub

---------------  P R O C E S S  ---------------

Java Threads: ( => current thread )
  0x00007f948304b000 JavaThread "Service Thread" daemon [_thread_blocked, id=19715, stack(0x000000011e254000,0x000000011e354000)]
  0x00007f9484800000 JavaThread "C1 CompilerThread2" daemon [_thread_blocked, id=19203, stack(0x000000011e151000,0x000000011e251000)]
  0x00007f9484050000 JavaThread "C2 CompilerThread1" daemon [_thread_blocked, id=18691, stack(0x000000011e04e000,0x000000011e14e000)]
  0x00007f9484026800 JavaThread "C2 CompilerThread0" daemon [_thread_blocked, id=18179, stack(0x000000011df4b000,0x000000011e04b000)]
  0x00007f9483041800 JavaThread "Signal Dispatcher" daemon [_thread_blocked, id=17667, stack(0x000000011de48000,0x000000011df48000)]
  0x00007f948404e800 JavaThread "Finalizer" daemon [_thread_blocked, id=12547, stack(0x000000011dc06000,0x000000011dd06000)]
  0x00007f9483016000 JavaThread "Reference Handler" daemon [_thread_blocked, id=12035, stack(0x000000011db03000,0x000000011dc03000)]
=>0x00007f9483801000 JavaThread "main" [_thread_in_native, id=6403, stack(0x00000001030c0000,0x00000001031c0000)]

Other Threads:
  0x00007f948404e000 VMThread [stack: 0x000000011da00000,0x000000011db00000] [id=11523]
  0x00007f9483042800 WatcherThread [stack: 0x000000011e357000,0x000000011e457000] [id=20227]

VM state:not at safepoint (normal execution)

VM Mutex/Monitor currently owned by a thread: None

Heap:
 PSYoungGen      total 1024K, used 943K [0x000000076ab00000, 0x000000076ad00000, 0x00000007c0000000)
  eden space 512K, 96% used [0x000000076ab00000,0x000000076ab7bd10,0x000000076ab80000)
  from space 512K, 87% used [0x000000076ab80000,0x000000076abf0020,0x000000076ac00000)
  to   space 512K, 0% used [0x000000076ac80000,0x000000076ac80000,0x000000076ad00000)
 ParOldGen       total 260608K, used 8K [0x00000006c0000000, 0x00000006cfe80000, 0x000000076ab00000)
  object space 260608K, 0% used [0x00000006c0000000,0x00000006c0002000,0x00000006cfe80000)
 Metaspace       used 2748K, capacity 4486K, committed 4864K, reserved 1056768K
  class space    used 298K, capacity 386K, committed 512K, reserved 1048576K

Card table byte_map: [0x0000000112582000,0x0000000112d83000] byte_map_base: 0x000000010ef82000

Marking Bits: (ParMarkBitMap*) 0x0000000102a660a0
 Begin Bits: [0x00000001136e5000, 0x00000001176e5000)
 End Bits:   [0x00000001176e5000, 0x000000011b6e5000)

Polling page: 0x00000001019db000

CodeCache: size=245760Kb used=1165Kb max_used=1165Kb free=244594Kb
 bounds [0x00000001031c2000, 0x0000000103432000, 0x00000001121c2000]
 total_blobs=285 nmethods=51 adapters=150
 compilation: enabled

Compilation events (10 events):
Event: 0.095 Thread 0x00007f9484800000   47       3       java.util.Arrays::copyOf (19 bytes)
Event: 0.095 Thread 0x00007f9484800000 nmethod 47 0x00000001032e2010 code [0x00000001032e2180, 0x00000001032e2488]
Event: 0.095 Thread 0x00007f9484800000   49       1       java.lang.StringCoding$StringEncoder::requestedCharsetName (5 bytes)
Event: 0.096 Thread 0x00007f9484800000 nmethod 49 0x00000001032e1d50 code [0x00000001032e1ea0, 0x00000001032e1fb0]
Event: 0.096 Thread 0x00007f9484800000   48       1       java.io.File::getPath (5 bytes)
Event: 0.096 Thread 0x00007f9484800000 nmethod 48 0x00000001032e1a90 code [0x00000001032e1be0, 0x00000001032e1cf0]
Event: 0.099 Thread 0x00007f9484800000   50       3       java.lang.AbstractStringBuilder::expandCapacity (50 bytes)
Event: 0.099 Thread 0x00007f9484800000 nmethod 50 0x00000001032e4590 code [0x00000001032e4720, 0x00000001032e4c38]
Event: 0.100 Thread 0x00007f9484800000   51       3       java.io.UnixFileSystem::normalize (75 bytes)
Event: 0.100 Thread 0x00007f9484800000 nmethod 51 0x00000001032e4e10 code [0x00000001032e4fc0, 0x00000001032e55e8]

GC Heap History (2 events):
Event: 0.076 GC heap before
{Heap before GC invocations=1 (full 0):
 PSYoungGen      total 1024K, used 512K [0x000000076ab00000, 0x000000076ac80000, 0x00000007c0000000)
  eden space 512K, 100% used [0x000000076ab00000,0x000000076ab80000,0x000000076ab80000)
  from space 512K, 0% used [0x000000076ac00000,0x000000076ac00000,0x000000076ac80000)
  to   space 512K, 0% used [0x000000076ab80000,0x000000076ab80000,0x000000076ac00000)
 ParOldGen       total 260608K, used 0K [0x00000006c0000000, 0x00000006cfe80000, 0x000000076ab00000)
  object space 260608K, 0% used [0x00000006c0000000,0x00000006c0000000,0x00000006cfe80000)
 Metaspace       used 2485K, capacity 4480K, committed 4480K, reserved 1056768K
  class space    used 268K, capacity 384K, committed 384K, reserved 1048576K
Event: 0.077 GC heap after
Heap after GC invocations=1 (full 0):
 PSYoungGen      total 1024K, used 448K [0x000000076ab00000, 0x000000076ad00000, 0x00000007c0000000)
  eden space 512K, 0% used [0x000000076ab00000,0x000000076ab00000,0x000000076ab80000)
  from space 512K, 87% used [0x000000076ab80000,0x000000076abf0020,0x000000076ac00000)
  to   space 512K, 0% used [0x000000076ac80000,0x000000076ac80000,0x000000076ad00000)
 ParOldGen       total 260608K, used 8K [0x00000006c0000000, 0x00000006cfe80000, 0x000000076ab00000)
  object space 260608K, 0% used [0x00000006c0000000,0x00000006c0002000,0x00000006cfe80000)
 Metaspace       used 2485K, capacity 4480K, committed 4480K, reserved 1056768K
  class space    used 268K, capacity 384K, committed 384K, reserved 1048576K
}

Deoptimization events (0 events):
No events

Internal exceptions (10 events):
Event: 0.093 Thread 0x00007f9483801000 Exception <a 'java/util/zip/ZipException'> (0x000000076ab5cb28) thrown at [/HUDSON/workspace/8-2-build-macosx-x86_64/jdk8/2238/hotspot/src/share/vm/prims/jni.cpp, line 716]
Event: 0.093 Thread 0x00007f9483801000 Exception <a 'java/security/PrivilegedActionException'> (0x000000076ab5cd08) thrown at [/HUDSON/workspace/8-2-build-macosx-x86_64/jdk8/2238/hotspot/src/share/vm/prims/jvm.cpp, line 1248]
Event: 0.093 Thread 0x00007f9483801000 Exception <a 'java/security/PrivilegedActionException'> (0x000000076ab5cec0) thrown at [/HUDSON/workspace/8-2-build-macosx-x86_64/jdk8/2238/hotspot/src/share/vm/prims/jvm.cpp, line 1248]
Event: 0.094 Thread 0x00007f9483801000 Exception <a 'java/util/zip/ZipException'> (0x000000076ab5dc08) thrown at [/HUDSON/workspace/8-2-build-macosx-x86_64/jdk8/2238/hotspot/src/share/vm/prims/jni.cpp, line 716]
Event: 0.094 Thread 0x00007f9483801000 Exception <a 'java/security/PrivilegedActionException'> (0x000000076ab5ddb8) thrown at [/HUDSON/workspace/8-2-build-macosx-x86_64/jdk8/2238/hotspot/src/share/vm/prims/jvm.cpp, line 1248]
Event: 0.094 Thread 0x00007f9483801000 Exception <a 'java/security/PrivilegedActionException'> (0x000000076ab5df70) thrown at [/HUDSON/workspace/8-2-build-macosx-x86_64/jdk8/2238/hotspot/src/share/vm/prims/jvm.cpp, line 1248]
Event: 0.096 Thread 0x00007f9483801000 Exception <a 'java/util/zip/ZipException'> (0x000000076ab70ee8) thrown at [/HUDSON/workspace/8-2-build-macosx-x86_64/jdk8/2238/hotspot/src/share/vm/prims/jni.cpp, line 716]
Event: 0.096 Thread 0x00007f9483801000 Exception <a 'java/security/PrivilegedActionException'> (0x000000076ab71098) thrown at [/HUDSON/workspace/8-2-build-macosx-x86_64/jdk8/2238/hotspot/src/share/vm/prims/jvm.cpp, line 1248]
Event: 0.096 Thread 0x00007f9483801000 Exception <a 'java/security/PrivilegedActionException'> (0x000000076ab71250) thrown at [/HUDSON/workspace/8-2-build-macosx-x86_64/jdk8/2238/hotspot/src/share/vm/prims/jvm.cpp, line 1248]
Event: 0.097 Thread 0x00007f9483801000 Exception <a 'java/security/PrivilegedActionException'> (0x000000076ab715c0) thrown at [/HUDSON/workspace/8-2-build-macosx-x86_64/jdk8/2238/hotspot/src/share/vm/prims/jvm.cpp, line 1248]

Events (10 events):
Event: 0.099 loading class java/security/AllPermission
Event: 0.099 loading class java/security/AllPermission done
Event: 0.099 loading class java/security/UnresolvedPermission
Event: 0.099 loading class java/security/UnresolvedPermission done
Event: 0.099 loading class java/security/BasicPermissionCollection
Event: 0.099 loading class java/security/BasicPermissionCollection done
Event: 0.099 loading class sun/launcher/LauncherHelper$FXHelper
Event: 0.099 loading class sun/launcher/LauncherHelper$FXHelper done
Event: 0.100 loading class java/lang/ClassLoaderHelper
Event: 0.100 loading class java/lang/ClassLoaderHelper done


Dynamic libraries:
0x000000000782f000 	/System/Library/Frameworks/Cocoa.framework/Versions/A/Cocoa
0x000000000782f000 	/System/Library/Frameworks/Security.framework/Versions/A/Security
0x000000000782f000 	/System/Library/Frameworks/ApplicationServices.framework/Versions/A/ApplicationServices
0x000000000782f000 	/usr/lib/libz.1.dylib
0x000000000782f000 	/usr/lib/libSystem.B.dylib
0x000000000782f000 	/usr/lib/libobjc.A.dylib
0x000000000782f000 	/System/Library/Frameworks/CoreFoundation.framework/Versions/A/CoreFoundation
0x000000000782f000 	/System/Library/Frameworks/Foundation.framework/Versions/C/Foundation
0x000000000782f000 	/System/Library/Frameworks/AppKit.framework/Versions/C/AppKit
0x000000000782f000 	/System/Library/Frameworks/CoreData.framework/Versions/A/CoreData
0x000000000782f000 	/System/Library/PrivateFrameworks/RemoteViewServices.framework/Versions/A/RemoteViewServices
0x000000000782f000 	/System/Library/Frameworks/AudioToolbox.framework/Versions/A/AudioToolbox
0x000000000782f000 	/System/Library/Frameworks/AudioUnit.framework/Versions/A/AudioUnit
0x000000000782f000 	/System/Library/PrivateFrameworks/DataDetectorsCore.framework/Versions/A/DataDetectorsCore
0x000000000782f000 	/System/Library/PrivateFrameworks/DesktopServicesPriv.framework/Versions/A/DesktopServicesPriv
0x000000000782f000 	/System/Library/Frameworks/Carbon.framework/Versions/A/Frameworks/HIToolbox.framework/Versions/A/HIToolbox
0x000000000782f000 	/System/Library/Frameworks/QuartzCore.framework/Versions/A/QuartzCore
0x000000000782f000 	/System/Library/Frameworks/Carbon.framework/Versions/A/Frameworks/SpeechRecognition.framework/Versions/A/SpeechRecognition
0x000000000782f000 	/usr/lib/libauto.dylib
0x000000000782f000 	/usr/lib/libicucore.A.dylib
0x000000000782f000 	/usr/lib/libxml2.2.dylib
0x000000000782f000 	/System/Library/PrivateFrameworks/CoreUI.framework/Versions/A/CoreUI
0x000000000782f000 	/System/Library/Frameworks/CoreAudio.framework/Versions/A/CoreAudio
0x000000000782f000 	/System/Library/Frameworks/DiskArbitration.framework/Versions/A/DiskArbitration
0x000000000782f000 	/usr/lib/liblangid.dylib
0x000000000782f000 	/System/Library/PrivateFrameworks/MultitouchSupport.framework/Versions/A/MultitouchSupport
0x000000000782f000 	/System/Library/Frameworks/IOKit.framework/Versions/A/IOKit
0x000000000782f000 	/usr/lib/libDiagnosticMessagesClient.dylib
0x000000000782f000 	/System/Library/Frameworks/CoreServices.framework/Versions/A/CoreServices
0x000000000782f000 	/System/Library/PrivateFrameworks/PerformanceAnalysis.framework/Versions/A/PerformanceAnalysis
0x000000000782f000 	/System/Library/PrivateFrameworks/GenerationalStorage.framework/Versions/A/GenerationalStorage
0x000000000782f000 	/System/Library/Frameworks/OpenGL.framework/Versions/A/OpenGL
0x000000000782f000 	/System/Library/PrivateFrameworks/Sharing.framework/Versions/A/Sharing
0x000000000782f000 	/System/Library/Frameworks/ImageIO.framework/Versions/A/ImageIO
0x000000000782f000 	/System/Library/Frameworks/CoreText.framework/Versions/A/CoreText
0x000000000782f000 	/System/Library/Frameworks/CoreGraphics.framework/Versions/A/CoreGraphics
0x000000000782f000 	/System/Library/PrivateFrameworks/Backup.framework/Versions/A/Backup
0x000000000782f000 	/System/Library/Frameworks/CFNetwork.framework/Versions/A/CFNetwork
0x000000000782f000 	/System/Library/Frameworks/SystemConfiguration.framework/Versions/A/SystemConfiguration
0x000000000782f000 	/usr/lib/libCRFSuite.dylib
0x000000000782f000 	/usr/lib/libc++.1.dylib
0x000000000782f000 	/usr/lib/libc++abi.dylib
0x000000000782f000 	/usr/lib/system/libcache.dylib
0x000000000782f000 	/usr/lib/system/libcommonCrypto.dylib
0x000000000782f000 	/usr/lib/system/libcompiler_rt.dylib
0x000000000782f000 	/usr/lib/system/libcopyfile.dylib
0x000000000782f000 	/usr/lib/system/libcorecrypto.dylib
0x000000000782f000 	/usr/lib/system/libdispatch.dylib
0x000000000782f000 	/usr/lib/system/libdyld.dylib
0x000000000782f000 	/usr/lib/system/libkeymgr.dylib
0x000000000782f000 	/usr/lib/system/liblaunch.dylib
0x000000000782f000 	/usr/lib/system/libmacho.dylib
0x000000000782f000 	/usr/lib/system/libquarantine.dylib
0x000000000782f000 	/usr/lib/system/libremovefile.dylib
0x000000000782f000 	/usr/lib/system/libsystem_asl.dylib
0x000000000782f000 	/usr/lib/system/libsystem_blocks.dylib
0x000000000782f000 	/usr/lib/system/libsystem_c.dylib
0x000000000782f000 	/usr/lib/system/libsystem_configuration.dylib
0x000000000782f000 	/usr/lib/system/libsystem_dnssd.dylib
0x000000000782f000 	/usr/lib/system/libsystem_info.dylib
0x000000000782f000 	/usr/lib/system/libsystem_kernel.dylib
0x000000000782f000 	/usr/lib/system/libsystem_m.dylib
0x000000000782f000 	/usr/lib/system/libsystem_malloc.dylib
0x000000000782f000 	/usr/lib/system/libsystem_network.dylib
0x000000000782f000 	/usr/lib/system/libsystem_notify.dylib
0x000000000782f000 	/usr/lib/system/libsystem_platform.dylib
0x000000000782f000 	/usr/lib/system/libsystem_pthread.dylib
0x000000000782f000 	/usr/lib/system/libsystem_sandbox.dylib
0x000000000782f000 	/usr/lib/system/libsystem_stats.dylib
0x000000000782f000 	/usr/lib/system/libunc.dylib
0x000000000782f000 	/usr/lib/system/libunwind.dylib
0x000000000782f000 	/usr/lib/system/libxpc.dylib
0x000000000782f000 	/usr/lib/libbsm.0.dylib
0x000000000782f000 	/usr/lib/libsqlite3.dylib
0x000000000782f000 	/usr/lib/libxar.1.dylib
0x000000000782f000 	/usr/lib/libpam.2.dylib
0x000000000782f000 	/usr/lib/libOpenScriptingUtil.dylib
0x000000000782f000 	/usr/lib/libbz2.1.0.dylib
0x000000000782f000 	/System/Library/Frameworks/CoreServices.framework/Versions/A/Frameworks/CarbonCore.framework/Versions/A/CarbonCore
0x000000000782f000 	/System/Library/Frameworks/CoreServices.framework/Versions/A/Frameworks/Metadata.framework/Versions/A/Metadata
0x000000000782f000 	/System/Library/Frameworks/CoreServices.framework/Versions/A/Frameworks/OSServices.framework/Versions/A/OSServices
0x000000000782f000 	/System/Library/Frameworks/CoreServices.framework/Versions/A/Frameworks/SearchKit.framework/Versions/A/SearchKit
0x000000000782f000 	/System/Library/Frameworks/CoreServices.framework/Versions/A/Frameworks/AE.framework/Versions/A/AE
0x000000000782f000 	/System/Library/Frameworks/CoreServices.framework/Versions/A/Frameworks/LaunchServices.framework/Versions/A/LaunchServices
0x000000000782f000 	/System/Library/Frameworks/CoreServices.framework/Versions/A/Frameworks/DictionaryServices.framework/Versions/A/DictionaryServices
0x000000000782f000 	/System/Library/Frameworks/NetFS.framework/Versions/A/NetFS
0x000000000782f000 	/usr/lib/system/libkxld.dylib
0x000000000782f000 	/System/Library/PrivateFrameworks/NetAuth.framework/Versions/A/NetAuth
0x000000000782f000 	/System/Library/PrivateFrameworks/TCC.framework/Versions/A/TCC
0x000000000782f000 	/System/Library/Frameworks/OpenDirectory.framework/Versions/A/Frameworks/CFOpenDirectory.framework/Versions/A/CFOpenDirectory
0x000000000782f000 	/System/Library/Frameworks/ServiceManagement.framework/Versions/A/ServiceManagement
0x000000000782f000 	/usr/lib/libxslt.1.dylib
0x000000000782f000 	/System/Library/Frameworks/Carbon.framework/Versions/A/Frameworks/Ink.framework/Versions/A/Ink
0x000000000782f000 	/System/Library/Frameworks/ApplicationServices.framework/Versions/A/Frameworks/ATS.framework/Versions/A/ATS
0x000000000782f000 	/System/Library/Frameworks/ApplicationServices.framework/Versions/A/Frameworks/ColorSync.framework/Versions/A/ColorSync
0x000000000782f000 	/System/Library/Frameworks/ApplicationServices.framework/Versions/A/Frameworks/HIServices.framework/Versions/A/HIServices
0x000000000782f000 	/System/Library/Frameworks/ApplicationServices.framework/Versions/A/Frameworks/LangAnalysis.framework/Versions/A/LangAnalysis
0x000000000782f000 	/System/Library/Frameworks/ApplicationServices.framework/Versions/A/Frameworks/PrintCore.framework/Versions/A/PrintCore
0x000000000782f000 	/System/Library/Frameworks/ApplicationServices.framework/Versions/A/Frameworks/QD.framework/Versions/A/QD
0x000000000782f000 	/System/Library/Frameworks/ApplicationServices.framework/Versions/A/Frameworks/SpeechSynthesis.framework/Versions/A/SpeechSynthesis
0x000000000782f000 	/System/Library/Frameworks/IOSurface.framework/Versions/A/IOSurface
0x000000000782f000 	/System/Library/Frameworks/Accelerate.framework/Versions/A/Accelerate
0x000000000782f000 	/System/Library/Frameworks/Accelerate.framework/Versions/A/Frameworks/vImage.framework/Versions/A/vImage
0x000000000782f000 	/System/Library/Frameworks/Accelerate.framework/Versions/A/Frameworks/vecLib.framework/Versions/A/vecLib
0x000000000782f000 	/System/Library/Frameworks/Accelerate.framework/Versions/A/Frameworks/vecLib.framework/Versions/A/libvDSP.dylib
0x000000000782f000 	/System/Library/Frameworks/Accelerate.framework/Versions/A/Frameworks/vecLib.framework/Versions/A/libvMisc.dylib
0x000000000782f000 	/System/Library/Frameworks/Accelerate.framework/Versions/A/Frameworks/vecLib.framework/Versions/A/libLAPACK.dylib
0x000000000782f000 	/System/Library/Frameworks/Accelerate.framework/Versions/A/Frameworks/vecLib.framework/Versions/A/libBLAS.dylib
0x000000000782f000 	/System/Library/Frameworks/ApplicationServices.framework/Versions/A/Frameworks/ATS.framework/Versions/A/Resources/libFontParser.dylib
0x000000000782f000 	/System/Library/Frameworks/ApplicationServices.framework/Versions/A/Frameworks/ATS.framework/Versions/A/Resources/libFontRegistry.dylib
0x000000000782f000 	/System/Library/Frameworks/ImageIO.framework/Versions/A/Resources/libJPEG.dylib
0x000000000782f000 	/System/Library/Frameworks/ImageIO.framework/Versions/A/Resources/libTIFF.dylib
0x000000000782f000 	/System/Library/Frameworks/ImageIO.framework/Versions/A/Resources/libPng.dylib
0x000000000782f000 	/System/Library/Frameworks/ImageIO.framework/Versions/A/Resources/libGIF.dylib
0x000000000782f000 	/System/Library/Frameworks/ImageIO.framework/Versions/A/Resources/libJP2.dylib
0x000000000782f000 	/System/Library/Frameworks/ImageIO.framework/Versions/A/Resources/libRadiance.dylib
0x000000000782f000 	/usr/lib/libcups.2.dylib
0x000000000782f000 	/System/Library/Frameworks/Kerberos.framework/Versions/A/Kerberos
0x000000000782f000 	/System/Library/Frameworks/GSS.framework/Versions/A/GSS
0x000000000782f000 	/usr/lib/libresolv.9.dylib
0x000000000782f000 	/usr/lib/libiconv.2.dylib
0x000000000782f000 	/System/Library/PrivateFrameworks/Heimdal.framework/Versions/A/Heimdal
0x000000000782f000 	/System/Library/PrivateFrameworks/TrustEvaluationAgent.framework/Versions/A/TrustEvaluationAgent
0x000000000782f000 	/usr/lib/libheimdal-asn1.dylib
0x000000000782f000 	/System/Library/Frameworks/OpenDirectory.framework/Versions/A/OpenDirectory
0x000000000782f000 	/System/Library/PrivateFrameworks/CommonAuth.framework/Versions/A/CommonAuth
0x000000000782f000 	/System/Library/Frameworks/SecurityFoundation.framework/Versions/A/SecurityFoundation
0x000000000782f000 	/System/Library/PrivateFrameworks/Bom.framework/Versions/A/Bom
0x000000000782f000 	/System/Library/Frameworks/CoreVideo.framework/Versions/A/CoreVideo
0x000000000782f000 	/System/Library/Frameworks/QuartzCore.framework/Versions/A/Frameworks/CoreImage.framework/Versions/A/CoreImage
0x000000000782f000 	/System/Library/Frameworks/QuartzCore.framework/Versions/A/Frameworks/ScalableUserInterface.framework/Versions/A/ScalableUserInterface
0x000000000782f000 	/System/Library/Frameworks/OpenGL.framework/Versions/A/Libraries/libGLU.dylib
0x000000000782f000 	/System/Library/Frameworks/OpenGL.framework/Versions/A/Libraries/libGFXShared.dylib
0x000000000782f000 	/System/Library/Frameworks/OpenGL.framework/Versions/A/Libraries/libGL.dylib
0x000000000782f000 	/System/Library/Frameworks/OpenGL.framework/Versions/A/Libraries/libGLImage.dylib
0x000000000782f000 	/System/Library/Frameworks/OpenGL.framework/Versions/A/Libraries/libCVMSPluginSupport.dylib
0x000000000782f000 	/System/Library/Frameworks/OpenGL.framework/Versions/A/Libraries/libCoreVMClient.dylib
0x000000000782f000 	/System/Library/PrivateFrameworks/FaceCore.framework/Versions/A/FaceCore
0x000000000782f000 	/System/Library/PrivateFrameworks/CrashReporterSupport.framework/Versions/A/CrashReporterSupport
0x000000000782f000 	/System/Library/Frameworks/OpenCL.framework/Versions/A/OpenCL
0x000000000782f000 	/System/Library/PrivateFrameworks/AppleFSCompression.framework/Versions/A/AppleFSCompression
0x000000000782f000 	/System/Library/PrivateFrameworks/Ubiquity.framework/Versions/A/Ubiquity
0x000000000782f000 	/System/Library/PrivateFrameworks/IconServices.framework/Versions/A/IconServices
0x000000000782f000 	/System/Library/PrivateFrameworks/ChunkingLibrary.framework/Versions/A/ChunkingLibrary
0x000000000782f000 	/System/Library/PrivateFrameworks/CoreSymbolication.framework/Versions/A/CoreSymbolication
0x000000000782f000 	/System/Library/PrivateFrameworks/Symbolication.framework/Versions/A/Symbolication
0x000000000782f000 	/System/Library/PrivateFrameworks/DebugSymbols.framework/Versions/A/DebugSymbols
0x0000000102200000 	/Library/Java/JavaVirtualMachines/jdk1.8.0.jdk/Contents/Home/jre/lib/server/libjvm.dylib
0x000000000782f000 	/usr/lib/libstdc++.6.dylib
0x0000000101999000 	/Library/Java/JavaVirtualMachines/jdk1.8.0.jdk/Contents/Home/jre/lib/libverify.dylib
0x00000001019a7000 	/Library/Java/JavaVirtualMachines/jdk1.8.0.jdk/Contents/Home/jre/lib/libjava.dylib
0x00000001019e5000 	/Library/Java/JavaVirtualMachines/jdk1.8.0.jdk/Contents/Home/jre/lib/libzip.dylib
0x000000011dd08000 	/System/Library/Frameworks/JavaVM.framework/Frameworks/JavaRuntimeSupport.framework/JavaRuntimeSupport
0x000000011dd20000 	/System/Library/Frameworks/JavaVM.framework/Versions/A/Frameworks/JavaNativeFoundation.framework/Versions/A/JavaNativeFoundation
0x00000001019ef000 	/System/Library/Frameworks/JavaVM.framework/Versions/A/JavaVM
0x000000000782f000 	/System/Library/Frameworks/Carbon.framework/Versions/A/Carbon
0x000000011dd35000 	/System/Library/PrivateFrameworks/JavaLaunching.framework/Versions/A/JavaLaunching
0x000000000782f000 	/System/Library/Frameworks/Carbon.framework/Versions/A/Frameworks/CommonPanels.framework/Versions/A/CommonPanels
0x000000000782f000 	/System/Library/Frameworks/Carbon.framework/Versions/A/Frameworks/Help.framework/Versions/A/Help
0x000000000782f000 	/System/Library/Frameworks/Carbon.framework/Versions/A/Frameworks/ImageCapture.framework/Versions/A/ImageCapture
0x000000000782f000 	/System/Library/Frameworks/Carbon.framework/Versions/A/Frameworks/OpenScripting.framework/Versions/A/OpenScripting
0x000000000782f000 	/System/Library/Frameworks/Carbon.framework/Versions/A/Frameworks/Print.framework/Versions/A/Print
0x000000000782f000 	/System/Library/Frameworks/Carbon.framework/Versions/A/Frameworks/SecurityHI.framework/Versions/A/SecurityHI
0x000000011e4a3000 	/Users/michalo/Documents/pandora/trunk/private/JNICookBook/jnicookbook/recipeNo015/lib/libSigSegv.dylib

VM Arguments:
jvm_args: -Djava.library.path=:./lib 
java_command: recipeNo015.SigSegvNoHandler
java_class_path (initial): target
Launcher Type: SUN_STANDARD

Environment Variables:
JAVA_HOME=/Library/Java/JavaVirtualMachines/jdk1.8.0.jdk/Contents/Home
PATH=/Users/michalo/opt/adt-bundle-mac-x86_64-20140321/sdk/tools:/Users/michalo/opt/adt-bundle-mac-x86_64-20140321/sdk/platform-tools:/Users/michalo/opt/adt-bundle-mac-x86_64-20140321/sdk:/Users/michalo/opt/android-ndk-r9d:/Users/michalo/opt/cocos2d-x-3.0/tools/cocos2d-console/bin:/Users/michalo/bin:/Users/michalo/opt/groovy/current/bin:/Users/michalo/opt/grails/current/bin:/usr/bin:/bin:/usr/sbin:/sbin:/usr/local/bin:/opt/X11/bin:/usr/texbin:/Users/michalo/opt/apache-ant-1.8.2/bin
SHELL=/bin/bash
DISPLAY=/tmp/launch-piqt0N/org.macosforge.xquartz:0

Signal Handlers:
SIGSEGV: [libjvm.dylib+0x55faef], sa_mask[0]=0xfffefeff, sa_flags=0x00000043
SIGBUS: [libjvm.dylib+0x55faef], sa_mask[0]=0xfffefeff, sa_flags=0x00000042
SIGFPE: [libjvm.dylib+0x44305a], sa_mask[0]=0xfffefeff, sa_flags=0x00000042
SIGPIPE: [libjvm.dylib+0x44305a], sa_mask[0]=0xfffefeff, sa_flags=0x00000042
SIGXFSZ: [libjvm.dylib+0x44305a], sa_mask[0]=0xfffefeff, sa_flags=0x00000042
SIGILL: [libjvm.dylib+0x44305a], sa_mask[0]=0xfffefeff, sa_flags=0x00000042
SIGUSR1: SIG_DFL, sa_mask[0]=0x00000000, sa_flags=0x00000000
SIGUSR2: [libjvm.dylib+0x442b78], sa_mask[0]=0x00000000, sa_flags=0x00000042
SIGHUP: [libjvm.dylib+0x440f05], sa_mask[0]=0xfffefeff, sa_flags=0x00000042
SIGINT: [libjvm.dylib+0x440f05], sa_mask[0]=0xfffefeff, sa_flags=0x00000042
SIGTERM: [libjvm.dylib+0x440f05], sa_mask[0]=0xfffefeff, sa_flags=0x00000042
SIGQUIT: [libjvm.dylib+0x440f05], sa_mask[0]=0xfffefeff, sa_flags=0x00000042


---------------  S Y S T E M  ---------------

OS:Bsduname:Darwin 13.4.0 Darwin Kernel Version 13.4.0: Wed Mar 18 16:20:14 PDT 2015; root:xnu-2422.115.14~1/RELEASE_X86_64 x86_64
rlimit: STACK 65532k, CORE 0k, NPROC 709, NOFILE 10240, AS infinity
load average:1.22 1.08 0.67

CPU:total 4 (2 cores per cpu, 2 threads per core) family 6 model 42 stepping 7, cmov, cx8, fxsr, mmx, sse, sse2, sse3, ssse3, sse4.1, sse4.2, popcnt, avx, aes, clmul, ht, tsc, tscinvbit

Memory: 4k page, physical 16777216k(1291756k free)

/proc/meminfo:


vm_info: Java HotSpot(TM) 64-Bit Server VM (25.0-b70) for bsd-amd64 JRE (1.8.0-b132), built on Mar  4 2014 03:11:43 by "java_re" with gcc 4.2.1 (Based on Apple Inc. build 5658) (LLVM build 2336.11.00)

time: Tue Apr 28 21:33:27 2015
elapsed time: 0 seconds

